<?xml version="1.0" encoding="UTF-8"?>
<!-- Generated by org.testng.reporters.JUnitXMLReporter -->
<testsuite ignored="0" hostname="DESKTOP-TBSD3T7" failures="0" tests="5" name="Command line test" time="32.202" errors="0" timestamp="2021-01-06T19:14:12 GMT">
  <testcase classname="Greenkart.GetItemPriceTest" name="getItemPrice" time="0.172"/>
  <testcase classname="Greenkart.GetItemPriceTest" name="getItemPrice" time="0.082"/>
  <testcase classname="Greenkart.GetItemPriceTest" name="getItemPrice" time="3.464"/>
  <testcase classname="Greenkart.NormalSortTest" name="getTableListSortAndCompare" time="0.154"/>
  <testcase classname="Greenkart.ReverseSortTest" name="getReversedTableListAndCompare" time="0.19"/>
</testsuite> <!-- Command line test -->
