<?xml version="1.0" encoding="UTF-8"?>
<!-- Generated by org.testng.reporters.JUnitXMLReporter -->
<testsuite ignored="0" hostname="DESKTOP-TBSD3T7" failures="0" tests="10" name="Web table Test" time="38.754" errors="0" timestamp="2021-03-25T13:36:14 GMT">
  <testcase classname="Greenkart.NormalSortTest" name="getTableListSortAndCompare" time="0.236"/>
  <testcase classname="Greenkart.ReverseSortTest" name="getReversedTableListAndCompare" time="0.29"/>
  <testcase classname="Greenkart.GetItemPriceTest" name="getItemPrice" time="0.209"/>
  <testcase classname="Greenkart.GetItemPriceTest" name="getItemPrice" time="0.1"/>
  <testcase classname="Greenkart.GetItemPriceTest" name="getItemPrice" time="3.597"/>
  <testcase classname="Greenkart.SearchFilterTest" name="validateSearchFilter" time="0.255"/>
  <testcase classname="Greenkart.SearchFilterTest" name="validateSearchFilter" time="0.19"/>
  <testcase classname="Greenkart.SearchFilterTest" name="validateSearchFilter" time="0.212"/>
  <testcase classname="Greenkart.SearchFilterTest" name="validateSearchFilter" time="0.182"/>
  <testcase classname="Greenkart.SearchFilterTest" name="validateSearchFilter" time="0.186"/>
</testsuite> <!-- Web table Test -->
