<?xml version="1.0" encoding="UTF-8"?>
<!-- Generated by org.testng.reporters.JUnitXMLReporter -->
<testsuite ignored="0" hostname="DESKTOP-TBSD3T7" failures="0" tests="10" name="Web table Test" time="39.573" errors="0" timestamp="2021-02-02T14:27:32 GMT">
  <testcase classname="Greenkart.NormalSortTest" name="getTableListSortAndCompare" time="0.285"/>
  <testcase classname="Greenkart.ReverseSortTest" name="getReversedTableListAndCompare" time="0.311"/>
  <testcase classname="Greenkart.GetItemPriceTest" name="getItemPrice" time="0.169"/>
  <testcase classname="Greenkart.GetItemPriceTest" name="getItemPrice" time="0.119"/>
  <testcase classname="Greenkart.GetItemPriceTest" name="getItemPrice" time="3.43"/>
  <testcase classname="Greenkart.SearchFilterTest" name="validateSearchFilter" time="0.196"/>
  <testcase classname="Greenkart.SearchFilterTest" name="validateSearchFilter" time="0.153"/>
  <testcase classname="Greenkart.SearchFilterTest" name="validateSearchFilter" time="0.137"/>
  <testcase classname="Greenkart.SearchFilterTest" name="validateSearchFilter" time="0.158"/>
  <testcase classname="Greenkart.SearchFilterTest" name="validateSearchFilter" time="0.176"/>
</testsuite> <!-- Web table Test -->
