<?xml version="1.0" encoding="UTF-8"?>
<testsuite xmlns:xsi="http://www.w3.org/2001/XMLSchema-instance" xsi:noNamespaceSchemaLocation="https://maven.apache.org/surefire/maven-surefire-plugin/xsd/surefire-test-report-3.0.xsd" version="3.0" name="TestSuite" time="42.906" tests="10" errors="0" skipped="0" failures="0">
  <properties>
[...]
</properties>
  <testcase name="getTableListSortAndCompare" classname="Greenkart.NormalSortTest" time="0.307">
    <system-out><![CDATA[[TestNGContentHandler] [WARN] It is strongly recommended to add "<!DOCTYPE suite SYSTEM "https://testng.org/testng-1.0.dtd" >" at the top of your file, otherwise TestNG may fail or not work as expected.
[Almond, Apple, Banana, Beans, Brinjal]

[Almond, Apple, Banana, Beans, Brinjal]
]]></system-out>
    <system-err><![CDATA[Starting ChromeDriver 87.0.4280.88 (89e2380a3e36c3464b5dd1302349b1382549290d-refs/branch-heads/4280@{#1761}) on port 24558
Only local connections are allowed.
Please see https://chromedriver.chromium.org/security-considerations for suggestions on keeping ChromeDriver safe.
ChromeDriver was started successfully.
Jan 07, 2021 8:47:10 AM org.openqa.selenium.remote.ProtocolHandshake createSession
INFO: Detected dialect: W3C
Starting ChromeDriver 87.0.4280.88 (89e2380a3e36c3464b5dd1302349b1382549290d-refs/branch-heads/4280@{#1761}) on port 29319
Only local connections are allowed.
Please see https://chromedriver.chromium.org/security-considerations for suggestions on keeping ChromeDriver safe.
ChromeDriver was started successfully.
Jan 07, 2021 8:47:19 AM org.openqa.selenium.remote.ProtocolHandshake createSession
INFO: Detected dialect: W3C
Starting ChromeDriver 87.0.4280.88 (89e2380a3e36c3464b5dd1302349b1382549290d-refs/branch-heads/4280@{#1761}) on port 45229
Only local connections are allowed.
Please see https://chromedriver.chromium.org/security-considerations for suggestions on keeping ChromeDriver safe.
ChromeDriver was started successfully.
Jan 07, 2021 8:47:27 AM org.openqa.selenium.remote.ProtocolHandshake createSession
INFO: Detected dialect: W3C
Starting ChromeDriver 87.0.4280.88 (89e2380a3e36c3464b5dd1302349b1382549290d-refs/branch-heads/4280@{#1761}) on port 26876
Only local connections are allowed.
Please see https://chromedriver.chromium.org/security-considerations for suggestions on keeping ChromeDriver safe.
ChromeDriver was started successfully.
Jan 07, 2021 8:47:36 AM org.openqa.selenium.remote.ProtocolHandshake createSession
INFO: Detected dialect: W3C
]]></system-err>
  </testcase>
  <testcase name="getReversedTableListAndCompare" classname="Greenkart.ReverseSortTest" time="0.44">
    <system-out><![CDATA[
[Wheat, Tomato, Strawberry, Rice, Potato]

[Potato, Rice, Strawberry, Tomato, Wheat]

[Wheat, Tomato, Strawberry, Rice, Potato]
]]></system-out>
  </testcase>
  <testcase name="getItemPrice[Rice, 37](1)" classname="Greenkart.GetItemPriceTest" time="0.176">
    <system-out><![CDATA[
Rice Price: 37
]]></system-out>
  </testcase>
  <testcase name="getItemPrice[Tomato, 37](2)" classname="Greenkart.GetItemPriceTest" time="0.119">
    <system-out><![CDATA[
Tomato Price: 37
]]></system-out>
  </testcase>
  <testcase name="getItemPrice[Carrot, 34](3)" classname="Greenkart.GetItemPriceTest" time="3.431">
    <system-out><![CDATA[
Carrot Price: 34
]]></system-out>
  </testcase>
  <testcase name="validateSearchFilter[Rice](1)" classname="Greenkart.SearchFilterTest" time="0.186">
    <system-out><![CDATA[Rice
]]></system-out>
  </testcase>
  <testcase name="validateSearchFilter[Tomato](2)" classname="Greenkart.SearchFilterTest" time="0.158">
    <system-out><![CDATA[Tomato
]]></system-out>
  </testcase>
  <testcase name="validateSearchFilter[Carrot](3)" classname="Greenkart.SearchFilterTest" time="0.161">
    <system-out><![CDATA[Carrot
]]></system-out>
  </testcase>
  <testcase name="validateSearchFilter[Potato](4)" classname="Greenkart.SearchFilterTest" time="0.183">
    <system-out><![CDATA[Potato
]]></system-out>
  </testcase>
  <testcase name="validateSearchFilter[Mango](5)" classname="Greenkart.SearchFilterTest" time="0.182">
    <system-out><![CDATA[Mango
]]></system-out>
  </testcase>
</testsuite>