<?xml version="1.0" encoding="UTF-8"?>
<testng-results ignored="0" total="10" passed="10" failed="0" skipped="0">
  <reporter-output>
  </reporter-output>
  <suite started-at="2021-02-02T14:26:53 GMT" name="Automate-WebTable" finished-at="2021-02-02T14:27:32 GMT" duration-ms="39573">
    <groups>
    </groups>
    <test started-at="2021-02-02T14:26:53 GMT" name="Web table Test" finished-at="2021-02-02T14:27:32 GMT" duration-ms="39573">
      <class name="Greenkart.ReverseSortTest">
        <test-method is-config="true" signature="startUp()[pri:0, instance:Greenkart.ReverseSortTest@21282ed8]" started-at="2021-02-02T14:27:09 GMT" name="startUp" finished-at="2021-02-02T14:27:17 GMT" duration-ms="8015" status="PASS">
          <reporter-output>
          </reporter-output>
        </test-method> <!-- startUp -->
        <test-method signature="getReversedTableListAndCompare()[pri:0, instance:Greenkart.ReverseSortTest@21282ed8]" started-at="2021-02-02T14:27:26 GMT" name="getReversedTableListAndCompare" finished-at="2021-02-02T14:27:26 GMT" duration-ms="311" status="PASS">
          <reporter-output>
          </reporter-output>
        </test-method> <!-- getReversedTableListAndCompare -->
        <test-method is-config="true" signature="tearDown()[pri:0, instance:Greenkart.ReverseSortTest@21282ed8]" started-at="2021-02-02T14:27:32 GMT" name="tearDown" finished-at="2021-02-02T14:27:32 GMT" duration-ms="156" status="PASS">
          <reporter-output>
          </reporter-output>
        </test-method> <!-- tearDown -->
      </class> <!-- Greenkart.ReverseSortTest -->
      <class name="Greenkart.SearchFilterTest">
        <test-method is-config="true" signature="startUp()[pri:0, instance:Greenkart.SearchFilterTest@7bab3f1a]" started-at="2021-02-02T14:27:17 GMT" name="startUp" finished-at="2021-02-02T14:27:25 GMT" duration-ms="7883" status="PASS">
          <reporter-output>
          </reporter-output>
        </test-method> <!-- startUp -->
        <test-method signature="validateSearchFilter(java.lang.String)[pri:0, instance:Greenkart.SearchFilterTest@7bab3f1a]" started-at="2021-02-02T14:27:30 GMT" name="validateSearchFilter" data-provider="vegetables" finished-at="2021-02-02T14:27:30 GMT" duration-ms="196" status="PASS">
          <params>
            <param index="0">
              <value>
                <![CDATA[Rice]]>
              </value>
            </param>
          </params>
          <reporter-output>
          </reporter-output>
        </test-method> <!-- validateSearchFilter -->
        <test-method signature="validateSearchFilter(java.lang.String)[pri:0, instance:Greenkart.SearchFilterTest@7bab3f1a]" started-at="2021-02-02T14:27:30 GMT" name="validateSearchFilter" data-provider="vegetables" finished-at="2021-02-02T14:27:30 GMT" duration-ms="153" status="PASS">
          <params>
            <param index="0">
              <value>
                <![CDATA[Tomato]]>
              </value>
            </param>
          </params>
          <reporter-output>
          </reporter-output>
        </test-method> <!-- validateSearchFilter -->
        <test-method signature="validateSearchFilter(java.lang.String)[pri:0, instance:Greenkart.SearchFilterTest@7bab3f1a]" started-at="2021-02-02T14:27:30 GMT" name="validateSearchFilter" data-provider="vegetables" finished-at="2021-02-02T14:27:30 GMT" duration-ms="137" status="PASS">
          <params>
            <param index="0">
              <value>
                <![CDATA[Carrot]]>
              </value>
            </param>
          </params>
          <reporter-output>
          </reporter-output>
        </test-method> <!-- validateSearchFilter -->
        <test-method signature="validateSearchFilter(java.lang.String)[pri:0, instance:Greenkart.SearchFilterTest@7bab3f1a]" started-at="2021-02-02T14:27:30 GMT" name="validateSearchFilter" data-provider="vegetables" finished-at="2021-02-02T14:27:30 GMT" duration-ms="158" status="PASS">
          <params>
            <param index="0">
              <value>
                <![CDATA[Potato]]>
              </value>
            </param>
          </params>
          <reporter-output>
          </reporter-output>
        </test-method> <!-- validateSearchFilter -->
        <test-method signature="validateSearchFilter(java.lang.String)[pri:0, instance:Greenkart.SearchFilterTest@7bab3f1a]" started-at="2021-02-02T14:27:30 GMT" name="validateSearchFilter" data-provider="vegetables" finished-at="2021-02-02T14:27:31 GMT" duration-ms="176" status="PASS">
          <params>
            <param index="0">
              <value>
                <![CDATA[Mango]]>
              </value>
            </param>
          </params>
          <reporter-output>
          </reporter-output>
        </test-method> <!-- validateSearchFilter -->
        <test-method is-config="true" signature="tearDown()[pri:0, instance:Greenkart.SearchFilterTest@7bab3f1a]" started-at="2021-02-02T14:27:32 GMT" name="tearDown" finished-at="2021-02-02T14:27:32 GMT" duration-ms="194" status="PASS">
          <reporter-output>
          </reporter-output>
        </test-method> <!-- tearDown -->
      </class> <!-- Greenkart.SearchFilterTest -->
      <class name="Greenkart.NormalSortTest">
        <test-method is-config="true" signature="startUp()[pri:0, instance:Greenkart.NormalSortTest@550dbc7a]" started-at="2021-02-02T14:27:02 GMT" name="startUp" finished-at="2021-02-02T14:27:09 GMT" duration-ms="7885" status="PASS">
          <reporter-output>
          </reporter-output>
        </test-method> <!-- startUp -->
        <test-method signature="getTableListSortAndCompare()[pri:0, instance:Greenkart.NormalSortTest@550dbc7a]" started-at="2021-02-02T14:27:25 GMT" name="getTableListSortAndCompare" finished-at="2021-02-02T14:27:26 GMT" duration-ms="285" status="PASS">
          <reporter-output>
          </reporter-output>
        </test-method> <!-- getTableListSortAndCompare -->
        <test-method is-config="true" signature="tearDown()[pri:0, instance:Greenkart.NormalSortTest@550dbc7a]" started-at="2021-02-02T14:27:31 GMT" name="tearDown" finished-at="2021-02-02T14:27:32 GMT" duration-ms="481" status="PASS">
          <reporter-output>
          </reporter-output>
        </test-method> <!-- tearDown -->
      </class> <!-- Greenkart.NormalSortTest -->
      <class name="Greenkart.GetItemPriceTest">
        <test-method is-config="true" signature="startUp()[pri:0, instance:Greenkart.GetItemPriceTest@36916eb0]" started-at="2021-02-02T14:26:53 GMT" name="startUp" finished-at="2021-02-02T14:27:02 GMT" duration-ms="8910" status="PASS">
          <reporter-output>
          </reporter-output>
        </test-method> <!-- startUp -->
        <test-method signature="getItemPrice(java.lang.String, java.lang.String)[pri:0, instance:Greenkart.GetItemPriceTest@36916eb0]" started-at="2021-02-02T14:27:26 GMT" name="getItemPrice" data-provider="vegetable" finished-at="2021-02-02T14:27:26 GMT" duration-ms="169" status="PASS">
          <params>
            <param index="0">
              <value>
                <![CDATA[Rice]]>
              </value>
            </param>
            <param index="1">
              <value>
                <![CDATA[37]]>
              </value>
            </param>
          </params>
          <reporter-output>
          </reporter-output>
        </test-method> <!-- getItemPrice -->
        <test-method signature="getItemPrice(java.lang.String, java.lang.String)[pri:0, instance:Greenkart.GetItemPriceTest@36916eb0]" started-at="2021-02-02T14:27:26 GMT" name="getItemPrice" data-provider="vegetable" finished-at="2021-02-02T14:27:26 GMT" duration-ms="119" status="PASS">
          <params>
            <param index="0">
              <value>
                <![CDATA[Tomato]]>
              </value>
            </param>
            <param index="1">
              <value>
                <![CDATA[37]]>
              </value>
            </param>
          </params>
          <reporter-output>
          </reporter-output>
        </test-method> <!-- getItemPrice -->
        <test-method signature="getItemPrice(java.lang.String, java.lang.String)[pri:0, instance:Greenkart.GetItemPriceTest@36916eb0]" started-at="2021-02-02T14:27:26 GMT" name="getItemPrice" data-provider="vegetable" finished-at="2021-02-02T14:27:30 GMT" duration-ms="3430" status="PASS">
          <params>
            <param index="0">
              <value>
                <![CDATA[Carrot]]>
              </value>
            </param>
            <param index="1">
              <value>
                <![CDATA[34]]>
              </value>
            </param>
          </params>
          <reporter-output>
          </reporter-output>
        </test-method> <!-- getItemPrice -->
        <test-method is-config="true" signature="tearDown()[pri:0, instance:Greenkart.GetItemPriceTest@36916eb0]" started-at="2021-02-02T14:27:31 GMT" name="tearDown" finished-at="2021-02-02T14:27:31 GMT" duration-ms="841" status="PASS">
          <reporter-output>
          </reporter-output>
        </test-method> <!-- tearDown -->
      </class> <!-- Greenkart.GetItemPriceTest -->
    </test> <!-- Web table Test -->
  </suite> <!-- Automate-WebTable -->
</testng-results>
